<?xml version="1.0" encoding="UTF-8"?>
<!-- Generated by org.testng.reporters.JUnitReportReporter -->
<testsuite name="script_packages.Calling_Test" tests="1" time="144.948" ignored="0" failures="0" timestamp="24 Oct 2018 08:28:24 GMT" skipped="0" hostname="HIBACL54346" errors="0">
  <testcase name="Call_All_Test" time="144.948" classname="script_packages.Calling_Test"/>
</testsuite> <!-- script_packages.Calling_Test -->
